* fba3b6c liaison.tw@gmail.com (Thu Jun 10 14:45:36 2021 +0800). Fix missing ')' when onclock open/close poll. Get default color setting when add answer instead of hard code color.
* 6c25eb7 liaison.tw@gmail.com (Wed Jun 9 15:54:05 2021 +0800). Unify js function prefix in poll-dude-public/admin.js and related php
* c63e805 liaison.tw@gmail.com (Wed Jun 9 11:45:21 2021 +0800). Unify function prefix in poll-dude-public.js
* 86f2fe5 liaison.tw@gmail.com (Wed Jun 9 11:37:21 2021 +0800). Temp checkin: wp 5.7.2 seems with new css style. If block editor does not recognize shortcode in editor mode, the input will be disabled when display on website page.
* cc53900 liaison.tw@gmail.com (Mon Jun 7 16:45:29 2021 +0800). Unify database prefix to polldude & pd_. Using latest wordpress version 5.7.2 but some style seems malfunction.
* 4b61c59 liaison.tw@gmail.com (Sat Jun 5 17:14:32 2021 +0800). Complete widget display
* dea9923 liaison.tw@gmail.com (Fri Jun 4 14:32:35 2021 +0800). Widget Draft
* 4f6933d liaison.tw@gmail.com (Fri Jun 4 13:58:27 2021 +0800). Add option to set default color of voted counting bar
* 249ad4e liaison.tw@gmail.com (Thu Jun 3 16:28:51 2021 +0800). Unifying nonce prefix to polldude & text domain to <poll-dude>
* 1211f05 liaison.tw@gmail.com (Thu Jun 3 15:42:50 2021 +0800). Unifying text domain to <poll-dude>
* c7cbd10 liaison.tw@gmail.com (Thu Jun 3 11:36:30 2021 +0800). Fixed color-missed when new answer added: JS with picker, not picker[] & same error when new-poll add in profile.php
* 7d10dcb liaison.tw@gmail.com (Wed Jun 2 16:00:15 2021 +0800). Need to fix: When 3rd answer added in both add or edit form, answer color will set to null black. Unifying text domain to <poll-dude> from <poll-dude-domain>. Remove useless files like i8n.php loader.php
* 7d62bc0 liaison.tw@gmail.com (Wed Jun 2 14:17:12 2021 +0800). Move page-*.php from includes folder to view folder. Remove useless <partial> folder in admin & public
* 8b815e7 liaison.tw@gmail.com (Wed Jun 2 12:08:09 2021 +0800). JQuery function: Checkbox all in control panel implemented in js file triggered by click event
* 0f613c0 liaison.tw@gmail.com (Tue Jun 1 16:21:24 2021 +0800). Temporary JQuery solution for control panel delete all checkbox
* 885bfc1 liaison.tw@gmail.com (Mon May 31 15:13:09 2021 +0800). Add color picker for each vote bar displayed in shortcode
* 1eec0f5 liaison.tw@gmail.com (Sat May 29 16:21:32 2021 +0800). Add enable reCaptcha option in each poll question table
* 5e39cef liaison.tw@gmail.com (Fri May 28 17:27:08 2021 +0800). Set reCaptcha Keys in option page
* 91c9cff liaison.tw@gmail.com (Fri May 28 17:16:50 2021 +0800). Set reCaptcha Keys in option page
* 62d6ffe liaison.tw@gmail.com (Fri May 28 15:41:25 2021 +0800). Set reCaptcha Keys in option page
* ffc90aa liaison.tw@gmail.com (Thu May 27 16:14:47 2021 +0800). Add color input for each answer
* d99f964 liaison.tw@gmail.com (Thu May 27 16:01:15 2021 +0800). Add color input for each answer
* 5af7b3a liaison.tw@gmail.com (Thu May 27 15:50:21 2021 +0800). Add color input for each answer
* 88286c2 liaison.tw@gmail.com (Wed May 26 13:55:04 2021 +0800). Add setting for enable or disable recaptcha
* 0d0e372 liaison.tw@gmail.com (Tue May 25 15:29:43 2021 +0800). Google reCaptcha embedded in voting page
* 4d16ef8 liaison.tw@gmail.com (Mon May 24 17:36:56 2021 +0800). Testing google recaptcha server side
* dd833d4 liaison.tw@gmail.com (Mon May 24 14:27:50 2021 +0800). Add poll event cron
* de37e63 liaison.tw@gmail.com (Mon May 24 11:26:43 2021 +0800). Put admin locale together with script in wp_enqueue_script & fix profile page submit button
* 2c0dec4 liaison.tw@gmail.com (Mon May 24 11:19:43 2021 +0800). Put admin locale together with script in wp_enqueue_script & fix profile page submit button
* e1544a3 liaison.tw@gmail.com (Thu May 20 15:06:23 2021 +0800). Update admin page profile: adjust column size
* 73757e7 liaison.tw@gmail.com (Thu May 20 14:47:46 2021 +0800). Update admin page profile: adjust column size
* 7d747f8 liaison.tw@gmail.com (Thu May 20 11:53:16 2021 +0800). Remove JQuery ui-sortble
* f66c6aa liaison.tw@gmail.com (Wed May 19 12:21:06 2021 +0800). Bulk delete on control panel page
* bdbfa8c liaison.tw@gmail.com (Wed May 19 12:02:25 2021 +0800). Bulk delete on control panel page
* d4b3be4 liaison.tw@gmail.com (Wed May 19 11:47:02 2021 +0800). Bulk delete on control panel page
* 3b5dd64 liaison.tw@gmail.com (Sat May 15 09:53:45 2021 +0800). temp commit(PC unstable): checkbox on list
* e5eefde liaison.tw@gmail.com (Sat May 15 09:45:00 2021 +0800). temp commit(PC unstable): checkbox on list
* 9544f71 liaison.tw@gmail.com (Thu May 13 12:26:55 2021 +0800). Poll answer sortable by JQuery but not saved by AJAX yet
* 6542759 liaison.tw@gmail.com (Wed May 12 12:59:58 2021 +0800). Adjust administrator menu
* 2e858b2 liaison.tw@gmail.com (Mon May 10 13:17:21 2021 +0800). Refine shortcode display of vote/vote result
* 1036980 liaison.tw@gmail.com (Mon May 10 13:09:42 2021 +0800). Refine shortcode display of vote/vote result
* 00b8505 liaison.tw@gmail.com (Fri May 7 22:17:20 2021 +0800). OO-lization: add public class with handle class i18n. Seperate public scripts & i18n not working.
* 28f33cf liaison.tw@gmail.com (Fri May 7 21:27:33 2021 +0800). OO-lization: add admin_i18n to i18n class
* 201f4d4 liaison.tw@gmail.com (Fri May 7 12:57:28 2021 +0800). add pollbar css
* 8936e37 liaison.tw@gmail.com (Fri May 7 12:54:58 2021 +0800). OO-lization: poll ajax in shortcode class
* 687ad1a liaison.tw@gmail.com (Thu May 6 17:37:08 2021 +0800). OO-lization: integrate poll_config in admin class
* e9efe7a liaison.tw@gmail.com (Thu May 6 10:51:23 2021 +0800). OO-lization: check  during wp_enqueue admin_script & get correct basepage
* 2f32c42 liaison.tw@gmail.com (Wed May 5 11:30:13 2021 +0800). OO-lization: Start to construct root class Poll_Dude
* 76a001a liaison.tw@gmail.com (Tue May 4 13:50:06 2021 +0800). (OO-lization)finish moving utility function to utility class & fix typo uti(t)lity
* 082b704 liaison.tw@gmail.com (Tue May 4 12:45:50 2021 +0800). Fix Ajax error when display vote result (due to miss during OO-lization)
* b30913d liaison.tw@gmail.com (Mon May 3 14:05:21 2021 +0800). OO-lization
* 5fa31bf liaison.tw@gmail.com (Wed Apr 28 12:53:06 2021 +0800). integrate vote result in shortcode class
* a194417 liaison.tw@gmail.com (Wed Apr 28 11:48:14 2021 +0800). fix vote ajax show result
* 274b130 liaison.tw@gmail.com (Tue Apr 27 12:44:59 2021 +0800). add public style sheet & js
* 36ad88a liaison.tw@gmail.com (Mon Apr 26 14:00:12 2021 +0800). shortcode in class
* 5d971c3 liaison.tw@gmail.com (Fri Apr 23 11:43:19 2021 +0800). add poll_dude shortcode
* 0a8ba7d liaison.tw@gmail.com (Fri Apr 16 11:57:03 2021 +0800). commit
* 0306434 liaison.tw@gmail.com (Thu Dec 24 13:23:25 2020 +0800). OOP construction: activator
* c554916 liaison.tw@gmail.com (Wed Dec 23 11:12:32 2020 +0800). Refine & debug of poll_dude_poll_config()
* c0d66b0 liaison.tw@gmail.com (Mon Dec 21 13:06:12 2020 +0800). poll_dude_poll_content_config used for add-form & control-panel
* 9ea15f0 liaison.tw@gmail.com (Thu Dec 17 13:27:39 2020 +0800). fix poll-profile.php with lost input fields
* 7e35283 liaison.tw@gmail.com (Thu Dec 17 12:58:09 2020 +0800). refer poll-profile.php from add-form.php & control-panel.php
* 983eb4b liaison.tw@gmail.com (Wed Dec 16 13:42:09 2020 +0800). Share same form for add & control-panel
* 4c9ec88 liaison.tw@gmail.com (Tue Dec 15 12:59:35 2020 +0800). Combine add-form & control-panel(share the same page)
* ec4b396 liaison.tw@gmail.com (Thu Dec 10 13:11:39 2020 +0800). Add edit mode in control panel
* 0e7f1c0 liaison.tw@gmail.com (Thu Dec 10 12:41:47 2020 +0800). Fix AJAX error due to wrong ['action'] & poll-id listing function
* 5b2a201 liaison.tw@gmail.com (Wed Dec 9 14:03:50 2020 +0800). Add poll-dude-control-panel with AJAX DB access(still dev)
* 7537cb8 liaison.tw@gmail.com (Tue Dec 8 13:34:34 2020 +0800). Fix poll_dude_time_select error display select name
* 8af8d19 liaison.tw@gmail.com (Mon Dec 7 13:22:15 2020 +0800). Add jQery to manipulate add-poll form
* 5f9ee0d liaison.tw@gmail.com (Sun Dec 6 11:40:44 2020 +0800). Refine poll_dude_time_display as poll_dude_time_select
* cdc7b46 liaison.tw@gmail.com (Fri Dec 4 14:05:31 2020 +0800). Refine poll_dude_time as poll_dude_time_display
* 7c87e24 liaison.tw@gmail.com (Fri Dec 4 11:55:05 2020 +0800). poll_dude_time prototype
* 5f4b6e5 liaison.tw@gmail.com (Thu Dec 3 12:55:31 2020 +0800). Poll add form show date
* 50701d7 liaison.tw@gmail.com (Thu Dec 3 12:49:56 2020 +0800). Poll add form created
* d413678 liaison.tw@gmail.com (Tue Dec 1 11:29:56 2020 +0800). Add sub menu
* 8755563 liaison.tw@gmail.com (Wed Nov 25 13:13:05 2020 +0800). First top level menu added
* f2076b4 liaison.tw@gmail.com (Wed Nov 25 11:18:18 2020 +0800). Rename repository and file name as poll-dude
* 328b151 liaison.tw@gmail.com (Thu Nov 19 12:57:18 2020 +0800). replace template file as poll-dude.php
* e4cc082 liaison.tw@gmail.com (Thu Nov 19 12:39:02 2020 +0800). first commit
* a8079d9 liaison.tw@gmail.com (Thu Nov 19 12:34:32 2020 +0800). firt commit
* 3a75c82 liaison.tw@gmail.com (Thu Nov 19 12:20:25 2020 +0800). first commit
* 6e6ed3f liaison.tw@gmail.com (Thu Nov 19 11:37:14 2020 +0800). Initial commit
